<?xml version="1.0" encoding="UTF-8"?>
<testng-results ignored="0" total="1" passed="1" failed="0" skipped="0">
  <reporter-output>
  </reporter-output>
  <suite started-at="2021-05-05T16:41:16 IST" name="Default suite" finished-at="2021-05-05T16:43:06 IST" duration-ms="109083">
    <groups>
    </groups>
    <test started-at="2021-05-05T16:41:16 IST" name="Default test" finished-at="2021-05-05T16:43:06 IST" duration-ms="109083">
      <class name="testcodes.Exexutescodes">
        <test-method signature="contact_creation_test()[pri:0, instance:testcodes.Exexutescodes@647fd8ce]" started-at="2021-05-05T16:41:17 IST" name="contact_creation_test" finished-at="2021-05-05T16:43:01 IST" duration-ms="103966" status="PASS">
          <reporter-output>
          </reporter-output>
        </test-method> <!-- contact_creation_test -->
        <test-method is-config="true" signature="close()[pri:0, instance:testcodes.Exexutescodes@647fd8ce]" started-at="2021-05-05T16:43:01 IST" name="close" finished-at="2021-05-05T16:43:06 IST" duration-ms="4866" status="PASS">
          <reporter-output>
          </reporter-output>
        </test-method> <!-- close -->
      </class> <!-- testcodes.Exexutescodes -->
    </test> <!-- Default test -->
  </suite> <!-- Default suite -->
</testng-results>
